Using pre-set license
Built from '2020.2/release' branch; Version is '2020.2.1f1 (270dd8c3da1c) revision 2559448'; Using compiler version '192528614'; Build Type 'Release'
OS: 'Windows 10  (10.0.0) 64bit' Language: 'en' Physical Memory: 32684 MB
BatchMode: 1, IsHumanControllingUs: 0, StartBugReporterOnCrash: 0, Is64bit: 1, IsPro: 0

 COMMAND LINE ARGUMENTS:
F:\Program\2020.2.1f1\Editor\Unity.exe
-adb2
-batchMode
-noUpm
-name
AssetImportWorker1
-projectPath
C:/Users/Jimmy/Desktop/Unity Projects/SampleGame
-logFile
Logs/AssetImportWorker1.log
-srvPort
63186
Successfully changed project path to: C:/Users/Jimmy/Desktop/Unity Projects/SampleGame
C:/Users/Jimmy/Desktop/Unity Projects/SampleGame
Using Asset Import Pipeline V2.
Refreshing native plugins compatible for Editor in 23.75 ms, found 0 plugins.
Preloading 0 native plugins for Editor in 0.00 ms.
Initialize engine version: 2020.2.1f1 (270dd8c3da1c)
[Subsystems] Discovering subsystems at path F:/Program/2020.2.1f1/Editor/Data/Resources/UnitySubsystems
[Subsystems] Discovering subsystems at path C:/Users/Jimmy/Desktop/Unity Projects/SampleGame/Assets
GfxDevice: creating device client; threaded=0
Direct3D:
    Version:  Direct3D 11.0 [level 11.1]
    Renderer: NVIDIA GeForce GTX 1060 6GB (ID=0x1c03)
    Vendor:   
    VRAM:     6052 MB
    Driver:   27.21.14.6611
Initialize mono
Mono path[0] = 'F:/Program/2020.2.1f1/Editor/Data/Managed'
Mono path[1] = 'F:/Program/2020.2.1f1/Editor/Data/MonoBleedingEdge/lib/mono/unityjit'
Mono config path = 'F:/Program/2020.2.1f1/Editor/Data/MonoBleedingEdge/etc'
Using monoOptions --debugger-agent=transport=dt_socket,embedding=1,server=y,suspend=n,address=127.0.0.1:56188
Begin MonoManager ReloadAssembly
Registering precompiled unity dll's ...
Register platform support module: F:/Program/2020.2.1f1/Editor/Data/PlaybackEngines/WindowsStandaloneSupport/UnityEditor.WindowsStandalone.Extensions.dll
Registered in 0.000698 seconds.
Native extension for WindowsStandalone target not found
Refreshing native plugins compatible for Editor in 25.63 ms, found 0 plugins.
Preloading 0 native plugins for Editor in 0.00 ms.
Invoked RoslynAnalysisRunner static constructor.
RoslynAnalysisRunner will not be running.
RoslynAnalysisRunner has terminated.
Mono: successfully reloaded assembly
- Completed reload, in  0.858 seconds
Platform modules already initialized, skipping
Registering precompiled user dll's ...
Registered in 0.000597 seconds.
Begin MonoManager ReloadAssembly
Native extension for WindowsStandalone target not found
Refreshing native plugins compatible for Editor in 0.27 ms, found 0 plugins.
Preloading 0 native plugins for Editor in 0.00 ms.
Invoked RoslynAnalysisRunner static constructor.
RoslynAnalysisRunner will not be running.
RoslynAnalysisRunner has terminated.
Mono: successfully reloaded assembly
- Completed reload, in  0.824 seconds
Platform modules already initialized, skipping
========================================================================
Worker process is ready to serve import requests
Launched and connected shader compiler UnityShaderCompiler.exe after 0.02 seconds
Refreshing native plugins compatible for Editor in 0.19 ms, found 0 plugins.
Preloading 0 native plugins for Editor in 0.00 ms.
Unloading 1098 Unused Serialized files (Serialized files now loaded: 0)
System memory in use before: 57.1 MB.
System memory in use after: 57.2 MB.

Unloading 10 unused Assets to reduce memory usage. Loaded Objects now: 1540.
Total: 1.981500 ms (FindLiveObjects: 0.125900 ms CreateObjectMapping: 0.035500 ms MarkObjects: 1.763900 ms  DeleteObjects: 0.055100 ms)

========================================================================
Received Import Request.
  path: Assets/Scenes/Level3.unity
  artifactKey: Guid(35acc73f3fc89244b9db09fff265a836) Importer(815301076,1909f56bfc062723c751e8b465ee728b)
Start importing Assets/Scenes/Level3.unity using Guid(35acc73f3fc89244b9db09fff265a836) Importer(815301076,1909f56bfc062723c751e8b465ee728b)  -> (artifact id: 'aa9e2cf6aae3a7f228a59e1070dda0e0') in 0.011245 seconds
  Import took 0.012774 seconds .

========================================================================
Received Import Request.
  Time since last request: 8.422070 seconds.
  path: Assets/Scenes/Level1.unity
  artifactKey: Guid(9fc0d4010bbf28b4594072e72b8655ab) Importer(815301076,1909f56bfc062723c751e8b465ee728b)
Start importing Assets/Scenes/Level1.unity using Guid(9fc0d4010bbf28b4594072e72b8655ab) Importer(815301076,1909f56bfc062723c751e8b465ee728b)  -> (artifact id: '69066284ac2b68a41a2334c530733506') in 0.003456 seconds
  Import took 0.006902 seconds .

========================================================================
Received Import Request.
  Time since last request: 1.722747 seconds.
  path: Assets/Scenes/Level3.unity
  artifactKey: Guid(35acc73f3fc89244b9db09fff265a836) Importer(815301076,1909f56bfc062723c751e8b465ee728b)
Start importing Assets/Scenes/Level3.unity using Guid(35acc73f3fc89244b9db09fff265a836) Importer(815301076,1909f56bfc062723c751e8b465ee728b)  -> (artifact id: '9b36de81dd972b780a702ea6380c4aaf') in 0.004426 seconds
  Import took 0.006385 seconds .

========================================================================
Received Import Request.
  Time since last request: 0.000724 seconds.
  path: Assets/Scenes/Level3.unity
  artifactKey: Guid(35acc73f3fc89244b9db09fff265a836) Importer(815301076,1909f56bfc062723c751e8b465ee728b)
Start importing Assets/Scenes/Level3.unity using Guid(35acc73f3fc89244b9db09fff265a836) Importer(815301076,1909f56bfc062723c751e8b465ee728b)  -> (artifact id: '9b36de81dd972b780a702ea6380c4aaf') in 0.004899 seconds
  Import took 0.007348 seconds .

========================================================================
Received Prepare
Registering precompiled user dll's ...
Registered in 0.000481 seconds.
Begin MonoManager ReloadAssembly
Native extension for WindowsStandalone target not found
Refreshing native plugins compatible for Editor in 0.24 ms, found 0 plugins.
Preloading 0 native plugins for Editor in 0.00 ms.
Invoked RoslynAnalysisRunner static constructor.
RoslynAnalysisRunner will not be running.
RoslynAnalysisRunner has terminated.
Mono: successfully reloaded assembly
- Completed reload, in  0.690 seconds
Platform modules already initialized, skipping
Refreshing native plugins compatible for Editor in 0.17 ms, found 0 plugins.
Preloading 0 native plugins for Editor in 0.00 ms.
Unloading 1093 Unused Serialized files (Serialized files now loaded: 0)
System memory in use before: 57.4 MB.
System memory in use after: 57.5 MB.

Unloading 5 unused Assets to reduce memory usage. Loaded Objects now: 1542.
Total: 1.777300 ms (FindLiveObjects: 0.141200 ms CreateObjectMapping: 0.030800 ms MarkObjects: 1.564400 ms  DeleteObjects: 0.039200 ms)

========================================================================
Received Import Request.
  Time since last request: 70.313356 seconds.
  path: Assets/Scenes/Level2.unity
  artifactKey: Guid(49b451d839f598842a6e625a197a6e67) Importer(815301076,1909f56bfc062723c751e8b465ee728b)
Start importing Assets/Scenes/Level2.unity using Guid(49b451d839f598842a6e625a197a6e67) Importer(815301076,1909f56bfc062723c751e8b465ee728b)  -> (artifact id: '648be6ef09e3d5bffdbff9087ab4fcdf') in 0.011555 seconds
  Import took 0.013430 seconds .

========================================================================
Received Import Request.
  Time since last request: 13.971263 seconds.
  path: Assets/Scenes/Level3.unity
  artifactKey: Guid(35acc73f3fc89244b9db09fff265a836) Importer(815301076,1909f56bfc062723c751e8b465ee728b)
Start importing Assets/Scenes/Level3.unity using Guid(35acc73f3fc89244b9db09fff265a836) Importer(815301076,1909f56bfc062723c751e8b465ee728b)  -> (artifact id: '1139122c20fb2dbac720791a80157185') in 0.002825 seconds
  Import took 0.004568 seconds .

========================================================================
Received Import Request.
  Time since last request: 14.227712 seconds.
  path: Assets/Scenes/Level2.unity
  artifactKey: Guid(49b451d839f598842a6e625a197a6e67) Importer(815301076,1909f56bfc062723c751e8b465ee728b)
Start importing Assets/Scenes/Level2.unity using Guid(49b451d839f598842a6e625a197a6e67) Importer(815301076,1909f56bfc062723c751e8b465ee728b)  -> (artifact id: '541e4bc3fbba0c8f89d2ead3f482ac78') in 0.001993 seconds
  Import took 0.004044 seconds .

========================================================================
Received Import Request.
  Time since last request: 8.009043 seconds.
  path: Assets/Scenes/Level3.unity
  artifactKey: Guid(35acc73f3fc89244b9db09fff265a836) Importer(815301076,1909f56bfc062723c751e8b465ee728b)
Start importing Assets/Scenes/Level3.unity using Guid(35acc73f3fc89244b9db09fff265a836) Importer(815301076,1909f56bfc062723c751e8b465ee728b)  -> (artifact id: 'e5d40a6e7c5361c3ebdd68f8915f59d8') in 0.002444 seconds
  Import took 0.003879 seconds .

========================================================================
Received Prepare
Registering precompiled user dll's ...
Registered in 0.000462 seconds.
Begin MonoManager ReloadAssembly
Native extension for WindowsStandalone target not found
Refreshing native plugins compatible for Editor in 0.17 ms, found 0 plugins.
Preloading 0 native plugins for Editor in 0.00 ms.
Invoked RoslynAnalysisRunner static constructor.
RoslynAnalysisRunner will not be running.
RoslynAnalysisRunner has terminated.
Mono: successfully reloaded assembly
- Completed reload, in  0.702 seconds
Platform modules already initialized, skipping
Refreshing native plugins compatible for Editor in 0.17 ms, found 0 plugins.
Preloading 0 native plugins for Editor in 0.00 ms.
Unloading 1093 Unused Serialized files (Serialized files now loaded: 0)
System memory in use before: 57.8 MB.
System memory in use after: 57.8 MB.

Unloading 5 unused Assets to reduce memory usage. Loaded Objects now: 1544.
Total: 1.420100 ms (FindLiveObjects: 0.108200 ms CreateObjectMapping: 0.028200 ms MarkObjects: 1.248900 ms  DeleteObjects: 0.034000 ms)

========================================================================
Received Prepare
Registering precompiled user dll's ...
Registered in 0.000525 seconds.
Begin MonoManager ReloadAssembly
Native extension for WindowsStandalone target not found
Refreshing native plugins compatible for Editor in 0.20 ms, found 0 plugins.
Preloading 0 native plugins for Editor in 0.00 ms.
Invoked RoslynAnalysisRunner static constructor.
RoslynAnalysisRunner will not be running.
RoslynAnalysisRunner has terminated.
Mono: successfully reloaded assembly
- Completed reload, in  0.766 seconds
Platform modules already initialized, skipping
Refreshing native plugins compatible for Editor in 0.16 ms, found 0 plugins.
Preloading 0 native plugins for Editor in 0.00 ms.
Unloading 1093 Unused Serialized files (Serialized files now loaded: 0)
System memory in use before: 57.8 MB.
System memory in use after: 57.9 MB.

Unloading 5 unused Assets to reduce memory usage. Loaded Objects now: 1546.
Total: 2.812800 ms (FindLiveObjects: 0.148100 ms CreateObjectMapping: 0.040100 ms MarkObjects: 2.581100 ms  DeleteObjects: 0.042400 ms)

========================================================================
Received Prepare
Registering precompiled user dll's ...
Registered in 0.000522 seconds.
Begin MonoManager ReloadAssembly
Native extension for WindowsStandalone target not found
Refreshing native plugins compatible for Editor in 0.17 ms, found 0 plugins.
Preloading 0 native plugins for Editor in 0.00 ms.
Invoked RoslynAnalysisRunner static constructor.
RoslynAnalysisRunner will not be running.
RoslynAnalysisRunner has terminated.
Mono: successfully reloaded assembly
- Completed reload, in  0.699 seconds
Platform modules already initialized, skipping
Refreshing native plugins compatible for Editor in 0.16 ms, found 0 plugins.
Preloading 0 native plugins for Editor in 0.00 ms.
Unloading 1093 Unused Serialized files (Serialized files now loaded: 0)
System memory in use before: 58.4 MB.
System memory in use after: 58.5 MB.

Unloading 5 unused Assets to reduce memory usage. Loaded Objects now: 1548.
Total: 1.361600 ms (FindLiveObjects: 0.094500 ms CreateObjectMapping: 0.026600 ms MarkObjects: 1.203000 ms  DeleteObjects: 0.036500 ms)

========================================================================
Received Import Request.
  Time since last request: 241.802709 seconds.
  path: Assets/Scenes/Level3.unity
  artifactKey: Guid(35acc73f3fc89244b9db09fff265a836) Importer(815301076,1909f56bfc062723c751e8b465ee728b)
Start importing Assets/Scenes/Level3.unity using Guid(35acc73f3fc89244b9db09fff265a836) Importer(815301076,1909f56bfc062723c751e8b465ee728b)  -> (artifact id: 'fba7bd86a775263780dcf97ab0691975') in 0.009859 seconds
  Import took 0.011675 seconds .

========================================================================
Received Prepare
Registering precompiled user dll's ...
Registered in 0.000588 seconds.
Begin MonoManager ReloadAssembly
Native extension for WindowsStandalone target not found
Refreshing native plugins compatible for Editor in 0.16 ms, found 0 plugins.
Preloading 0 native plugins for Editor in 0.00 ms.
Invoked RoslynAnalysisRunner static constructor.
RoslynAnalysisRunner will not be running.
RoslynAnalysisRunner has terminated.
Mono: successfully reloaded assembly
- Completed reload, in  0.640 seconds
Platform modules already initialized, skipping
Refreshing native plugins compatible for Editor in 0.19 ms, found 0 plugins.
Preloading 0 native plugins for Editor in 0.00 ms.
Unloading 1093 Unused Serialized files (Serialized files now loaded: 0)
System memory in use before: 58.7 MB.
System memory in use after: 58.8 MB.

Unloading 5 unused Assets to reduce memory usage. Loaded Objects now: 1550.
Total: 1.487100 ms (FindLiveObjects: 0.121700 ms CreateObjectMapping: 0.041900 ms MarkObjects: 1.281100 ms  DeleteObjects: 0.041400 ms)

AssetImportWorkerClient::OnTransportError - code=2 error=End of file
